Copyright 1986-2022 Xilinx, Inc. All Rights Reserved. Copyright 2022-2024 Advanced Micro Devices, Inc. All Rights Reserved.
-----------------------------------------------------------------------------------------------------------------------------------------------------------------------------------------------------------------------
| Tool Version : Vivado v.2024.1 (win64) Build 5076996 Wed May 22 18:37:14 MDT 2024
| Date         : Tue May  6 08:59:28 2025
| Host         : GDESK-30 running 64-bit major release  (build 9200)
| Command      : report_methodology -file first_person_second_row_top_methodology_drc_routed.rpt -pb first_person_second_row_top_methodology_drc_routed.pb -rpx first_person_second_row_top_methodology_drc_routed.rpx
| Design       : first_person_second_row_top
| Device       : xc7a100tcsg324-1
| Speed File   : -1
| Design State : Fully Routed
-----------------------------------------------------------------------------------------------------------------------------------------------------------------------------------------------------------------------

Report Methodology

Table of Contents
-----------------
1. REPORT SUMMARY
2. REPORT DETAILS

1. REPORT SUMMARY
-----------------
            Netlist: netlist
          Floorplan: design_1
      Design limits: <entire design considered>
             Max violations: <unlimited>
             Violations found: 236
+-----------+------------------+--------------------------------+------------+
| Rule      | Severity         | Description                    | Violations |
+-----------+------------------+--------------------------------+------------+
| TIMING-17 | Critical Warning | Non-clocked sequential cell    | 52         |
| LUTAR-1   | Warning          | LUT drives async reset alert   | 43         |
| TIMING-18 | Warning          | Missing input or output delay  | 52         |
| TIMING-20 | Warning          | Non-clocked latch              | 88         |
| LATCH-1   | Advisory         | Existing latches in the design | 1          |
+-----------+------------------+--------------------------------+------------+

2. REPORT DETAILS
-----------------
TIMING-17#1 Critical Warning
Non-clocked sequential cell  
The clock pin I_reg[0]/C is not reached by a timing clock
Related violations: <none>

TIMING-17#2 Critical Warning
Non-clocked sequential cell  
The clock pin I_reg[1]/C is not reached by a timing clock
Related violations: <none>

TIMING-17#3 Critical Warning
Non-clocked sequential cell  
The clock pin I_reg[2]/C is not reached by a timing clock
Related violations: <none>

TIMING-17#4 Critical Warning
Non-clocked sequential cell  
The clock pin I_reg[3]/C is not reached by a timing clock
Related violations: <none>

TIMING-17#5 Critical Warning
Non-clocked sequential cell  
The clock pin I_reg[4]/C is not reached by a timing clock
Related violations: <none>

TIMING-17#6 Critical Warning
Non-clocked sequential cell  
The clock pin I_reg[5]/C is not reached by a timing clock
Related violations: <none>

TIMING-17#7 Critical Warning
Non-clocked sequential cell  
The clock pin I_reg[6]/C is not reached by a timing clock
Related violations: <none>

TIMING-17#8 Critical Warning
Non-clocked sequential cell  
The clock pin I_reg[7]/C is not reached by a timing clock
Related violations: <none>

TIMING-17#9 Critical Warning
Non-clocked sequential cell  
The clock pin vg/bg/dc/bright_reg/C is not reached by a timing clock
Related violations: <none>

TIMING-17#10 Critical Warning
Non-clocked sequential cell  
The clock pin vg/bg/dc/clk25_reg/C is not reached by a timing clock
Related violations: <none>

TIMING-17#11 Critical Warning
Non-clocked sequential cell  
The clock pin vg/bg/dc/hCount_reg[0]/C is not reached by a timing clock
Related violations: <none>

TIMING-17#12 Critical Warning
Non-clocked sequential cell  
The clock pin vg/bg/dc/hCount_reg[1]/C is not reached by a timing clock
Related violations: <none>

TIMING-17#13 Critical Warning
Non-clocked sequential cell  
The clock pin vg/bg/dc/hCount_reg[2]/C is not reached by a timing clock
Related violations: <none>

TIMING-17#14 Critical Warning
Non-clocked sequential cell  
The clock pin vg/bg/dc/hCount_reg[3]/C is not reached by a timing clock
Related violations: <none>

TIMING-17#15 Critical Warning
Non-clocked sequential cell  
The clock pin vg/bg/dc/hCount_reg[4]/C is not reached by a timing clock
Related violations: <none>

TIMING-17#16 Critical Warning
Non-clocked sequential cell  
The clock pin vg/bg/dc/hCount_reg[5]/C is not reached by a timing clock
Related violations: <none>

TIMING-17#17 Critical Warning
Non-clocked sequential cell  
The clock pin vg/bg/dc/hCount_reg[6]/C is not reached by a timing clock
Related violations: <none>

TIMING-17#18 Critical Warning
Non-clocked sequential cell  
The clock pin vg/bg/dc/hCount_reg[7]/C is not reached by a timing clock
Related violations: <none>

TIMING-17#19 Critical Warning
Non-clocked sequential cell  
The clock pin vg/bg/dc/hCount_reg[8]/C is not reached by a timing clock
Related violations: <none>

TIMING-17#20 Critical Warning
Non-clocked sequential cell  
The clock pin vg/bg/dc/hCount_reg[9]/C is not reached by a timing clock
Related violations: <none>

TIMING-17#21 Critical Warning
Non-clocked sequential cell  
The clock pin vg/bg/dc/vCount_reg[0]/C is not reached by a timing clock
Related violations: <none>

TIMING-17#22 Critical Warning
Non-clocked sequential cell  
The clock pin vg/bg/dc/vCount_reg[1]/C is not reached by a timing clock
Related violations: <none>

TIMING-17#23 Critical Warning
Non-clocked sequential cell  
The clock pin vg/bg/dc/vCount_reg[2]/C is not reached by a timing clock
Related violations: <none>

TIMING-17#24 Critical Warning
Non-clocked sequential cell  
The clock pin vg/bg/dc/vCount_reg[3]/C is not reached by a timing clock
Related violations: <none>

TIMING-17#25 Critical Warning
Non-clocked sequential cell  
The clock pin vg/bg/dc/vCount_reg[4]/C is not reached by a timing clock
Related violations: <none>

TIMING-17#26 Critical Warning
Non-clocked sequential cell  
The clock pin vg/bg/dc/vCount_reg[5]/C is not reached by a timing clock
Related violations: <none>

TIMING-17#27 Critical Warning
Non-clocked sequential cell  
The clock pin vg/bg/dc/vCount_reg[6]/C is not reached by a timing clock
Related violations: <none>

TIMING-17#28 Critical Warning
Non-clocked sequential cell  
The clock pin vg/bg/dc/vCount_reg[7]/C is not reached by a timing clock
Related violations: <none>

TIMING-17#29 Critical Warning
Non-clocked sequential cell  
The clock pin vg/bg/dc/vCount_reg[8]/C is not reached by a timing clock
Related violations: <none>

TIMING-17#30 Critical Warning
Non-clocked sequential cell  
The clock pin vg/bg/dc/vCount_reg[9]/C is not reached by a timing clock
Related violations: <none>

TIMING-17#31 Critical Warning
Non-clocked sequential cell  
The clock pin vg/bg/mc/in_door_reg/C is not reached by a timing clock
Related violations: <none>

TIMING-17#32 Critical Warning
Non-clocked sequential cell  
The clock pin vg/bg/mc/in_seat_reg/C is not reached by a timing clock
Related violations: <none>

TIMING-17#33 Critical Warning
Non-clocked sequential cell  
The clock pin vg/bg/mc/xpos_reg[0]/C is not reached by a timing clock
Related violations: <none>

TIMING-17#34 Critical Warning
Non-clocked sequential cell  
The clock pin vg/bg/mc/xpos_reg[1]/C is not reached by a timing clock
Related violations: <none>

TIMING-17#35 Critical Warning
Non-clocked sequential cell  
The clock pin vg/bg/mc/xpos_reg[2]/C is not reached by a timing clock
Related violations: <none>

TIMING-17#36 Critical Warning
Non-clocked sequential cell  
The clock pin vg/bg/mc/xpos_reg[3]/C is not reached by a timing clock
Related violations: <none>

TIMING-17#37 Critical Warning
Non-clocked sequential cell  
The clock pin vg/bg/mc/xpos_reg[4]/C is not reached by a timing clock
Related violations: <none>

TIMING-17#38 Critical Warning
Non-clocked sequential cell  
The clock pin vg/bg/mc/xpos_reg[5]/C is not reached by a timing clock
Related violations: <none>

TIMING-17#39 Critical Warning
Non-clocked sequential cell  
The clock pin vg/bg/mc/xpos_reg[6]/C is not reached by a timing clock
Related violations: <none>

TIMING-17#40 Critical Warning
Non-clocked sequential cell  
The clock pin vg/bg/mc/xpos_reg[7]/C is not reached by a timing clock
Related violations: <none>

TIMING-17#41 Critical Warning
Non-clocked sequential cell  
The clock pin vg/bg/mc/xpos_reg[8]/C is not reached by a timing clock
Related violations: <none>

TIMING-17#42 Critical Warning
Non-clocked sequential cell  
The clock pin vg/bg/mc/xpos_reg[9]/C is not reached by a timing clock
Related violations: <none>

TIMING-17#43 Critical Warning
Non-clocked sequential cell  
The clock pin vg/bg/mc/ypos_reg[0]/C is not reached by a timing clock
Related violations: <none>

TIMING-17#44 Critical Warning
Non-clocked sequential cell  
The clock pin vg/bg/mc/ypos_reg[1]/C is not reached by a timing clock
Related violations: <none>

TIMING-17#45 Critical Warning
Non-clocked sequential cell  
The clock pin vg/bg/mc/ypos_reg[2]/C is not reached by a timing clock
Related violations: <none>

TIMING-17#46 Critical Warning
Non-clocked sequential cell  
The clock pin vg/bg/mc/ypos_reg[3]/C is not reached by a timing clock
Related violations: <none>

TIMING-17#47 Critical Warning
Non-clocked sequential cell  
The clock pin vg/bg/mc/ypos_reg[4]/C is not reached by a timing clock
Related violations: <none>

TIMING-17#48 Critical Warning
Non-clocked sequential cell  
The clock pin vg/bg/mc/ypos_reg[5]/C is not reached by a timing clock
Related violations: <none>

TIMING-17#49 Critical Warning
Non-clocked sequential cell  
The clock pin vg/bg/mc/ypos_reg[6]/C is not reached by a timing clock
Related violations: <none>

TIMING-17#50 Critical Warning
Non-clocked sequential cell  
The clock pin vg/bg/mc/ypos_reg[7]/C is not reached by a timing clock
Related violations: <none>

TIMING-17#51 Critical Warning
Non-clocked sequential cell  
The clock pin vg/bg/mc/ypos_reg[8]/C is not reached by a timing clock
Related violations: <none>

TIMING-17#52 Critical Warning
Non-clocked sequential cell  
The clock pin vg/bg/mc/ypos_reg[9]/C is not reached by a timing clock
Related violations: <none>

LUTAR-1#1 Warning
LUT drives async reset alert  
LUT cell fpsr/I[7]_i_3, with 2 or more inputs, drives asynchronous preset/clear pin(s) I_reg[0]/CLR, I_reg[1]/CLR, I_reg[2]/CLR, I_reg[3]/CLR, I_reg[4]/CLR,
I_reg[5]/CLR, I_reg[6]/CLR, I_reg[7]/CLR. The LUT may glitch and trigger an unexpected reset, even if it is a properly timed path.
Related violations: <none>

LUTAR-1#2 Warning
LUT drives async reset alert  
LUT cell vg/bg/gandhi_ctrl/gandhi_down_rom_inst/color_data_reg[10]_i_3__2, with 2 or more inputs, drives asynchronous preset/clear pin(s) vg/bg/gandhi_ctrl/gandhi_up_rom_inst/color_data_reg[10]/PRE. The LUT may glitch and trigger an unexpected reset, even if it is a properly timed path.
Related violations: <none>

LUTAR-1#3 Warning
LUT drives async reset alert  
LUT cell vg/bg/gandhi_ctrl/gandhi_down_rom_inst/color_data_reg[11]_i_3__2, with 2 or more inputs, drives asynchronous preset/clear pin(s) vg/bg/gandhi_ctrl/gandhi_up_rom_inst/color_data_reg[11]/PRE. The LUT may glitch and trigger an unexpected reset, even if it is a properly timed path.
Related violations: <none>

LUTAR-1#4 Warning
LUT drives async reset alert  
LUT cell vg/bg/gandhi_ctrl/gandhi_down_rom_inst/color_data_reg[8]_i_2__2, with 2 or more inputs, drives asynchronous preset/clear pin(s) vg/bg/gandhi_ctrl/gandhi_up_rom_inst/color_data_reg[8]/PRE. The LUT may glitch and trigger an unexpected reset, even if it is a properly timed path.
Related violations: <none>

LUTAR-1#5 Warning
LUT drives async reset alert  
LUT cell vg/bg/gandhi_ctrl/gandhi_down_rom_inst/color_data_reg[9]_i_3__2, with 2 or more inputs, drives asynchronous preset/clear pin(s) vg/bg/gandhi_ctrl/gandhi_up_rom_inst/color_data_reg[9]/PRE. The LUT may glitch and trigger an unexpected reset, even if it is a properly timed path.
Related violations: <none>

LUTAR-1#6 Warning
LUT drives async reset alert  
LUT cell vg/bg/gandhi_ctrl/gandhi_down_rom_inst/i_/color_data_reg[11]_i_3, with 2 or more inputs, drives asynchronous preset/clear pin(s) vg/bg/gandhi_ctrl/gandhi_down_rom_inst/color_data_reg[0]/CLR,
vg/bg/gandhi_ctrl/gandhi_down_rom_inst/color_data_reg[10]/CLR,
vg/bg/gandhi_ctrl/gandhi_down_rom_inst/color_data_reg[11]/CLR,
vg/bg/gandhi_ctrl/gandhi_down_rom_inst/color_data_reg[1]/CLR,
vg/bg/gandhi_ctrl/gandhi_down_rom_inst/color_data_reg[2]/CLR,
vg/bg/gandhi_ctrl/gandhi_down_rom_inst/color_data_reg[3]/CLR,
vg/bg/gandhi_ctrl/gandhi_down_rom_inst/color_data_reg[4]/CLR,
vg/bg/gandhi_ctrl/gandhi_down_rom_inst/color_data_reg[5]/CLR,
vg/bg/gandhi_ctrl/gandhi_down_rom_inst/color_data_reg[6]/CLR,
vg/bg/gandhi_ctrl/gandhi_down_rom_inst/color_data_reg[7]/CLR,
vg/bg/gandhi_ctrl/gandhi_down_rom_inst/color_data_reg[8]/CLR
vg/bg/gandhi_ctrl/gandhi_down_rom_inst/color_data_reg[9]/CLR. The LUT may glitch and trigger an unexpected reset, even if it is a properly timed path.
Related violations: <none>

LUTAR-1#7 Warning
LUT drives async reset alert  
LUT cell vg/bg/italian_ctrl/italian_rom_inst/color_data_reg[1]_i_3__0, with 2 or more inputs, drives asynchronous preset/clear pin(s) vg/bg/italian_ctrl/italian_rom_inst/color_data_reg[0]/CLR
vg/bg/italian_ctrl/italian_rom_inst/color_data_reg[1]/PRE. The LUT may glitch and trigger an unexpected reset, even if it is a properly timed path.
Related violations: <none>

LUTAR-1#8 Warning
LUT drives async reset alert  
LUT cell vg/bg/italian_ctrl/italian_rom_inst/color_data_reg[5]_i_3__0, with 2 or more inputs, drives asynchronous preset/clear pin(s) vg/bg/italian_ctrl/italian_rom_inst/color_data_reg[4]/PRE
vg/bg/italian_ctrl/italian_rom_inst/color_data_reg[5]/CLR. The LUT may glitch and trigger an unexpected reset, even if it is a properly timed path.
Related violations: <none>

LUTAR-1#9 Warning
LUT drives async reset alert  
LUT cell vg/bg/kanye_ctrl/kanye_rom_inst/color_data_reg[0]_i_3__4, with 2 or more inputs, drives asynchronous preset/clear pin(s) vg/bg/kanye_ctrl/kanye_rom_inst/color_data_reg[0]/PRE. The LUT may glitch and trigger an unexpected reset, even if it is a properly timed path.
Related violations: <none>

LUTAR-1#10 Warning
LUT drives async reset alert  
LUT cell vg/bg/kanye_ctrl/kanye_rom_inst/color_data_reg[10]_i_3__5, with 2 or more inputs, drives asynchronous preset/clear pin(s) vg/bg/kanye_ctrl/kanye_rom_inst/color_data_reg[10]/PRE
vg/bg/kanye_ctrl/kanye_rom_inst/color_data_reg[8]/PRE. The LUT may glitch and trigger an unexpected reset, even if it is a properly timed path.
Related violations: <none>

LUTAR-1#11 Warning
LUT drives async reset alert  
LUT cell vg/bg/kanye_ctrl/kanye_rom_inst/color_data_reg[11]_i_3__5, with 2 or more inputs, drives asynchronous preset/clear pin(s) vg/bg/kanye_ctrl/kanye_rom_inst/color_data_reg[11]/PRE,
vg/bg/kanye_ctrl/kanye_rom_inst/color_data_reg[3]/PRE
vg/bg/kanye_ctrl/kanye_rom_inst/color_data_reg[7]/PRE. The LUT may glitch and trigger an unexpected reset, even if it is a properly timed path.
Related violations: <none>

LUTAR-1#12 Warning
LUT drives async reset alert  
LUT cell vg/bg/kanye_ctrl/kanye_rom_inst/color_data_reg[2]_i_3__4, with 2 or more inputs, drives asynchronous preset/clear pin(s) vg/bg/kanye_ctrl/kanye_rom_inst/color_data_reg[2]/PRE. The LUT may glitch and trigger an unexpected reset, even if it is a properly timed path.
Related violations: <none>

LUTAR-1#13 Warning
LUT drives async reset alert  
LUT cell vg/bg/kanye_ctrl/kanye_rom_inst/color_data_reg[6]_i_3__4, with 2 or more inputs, drives asynchronous preset/clear pin(s) vg/bg/kanye_ctrl/kanye_rom_inst/color_data_reg[6]/PRE. The LUT may glitch and trigger an unexpected reset, even if it is a properly timed path.
Related violations: <none>

LUTAR-1#14 Warning
LUT drives async reset alert  
LUT cell vg/bg/kanye_ctrl/kanye_rom_inst/color_data_reg[9]_i_3__5, with 2 or more inputs, drives asynchronous preset/clear pin(s) vg/bg/kanye_ctrl/kanye_rom_inst/color_data_reg[1]/PRE,
vg/bg/kanye_ctrl/kanye_rom_inst/color_data_reg[4]/PRE,
vg/bg/kanye_ctrl/kanye_rom_inst/color_data_reg[5]/PRE
vg/bg/kanye_ctrl/kanye_rom_inst/color_data_reg[9]/PRE. The LUT may glitch and trigger an unexpected reset, even if it is a properly timed path.
Related violations: <none>

LUTAR-1#15 Warning
LUT drives async reset alert  
LUT cell vg/bg/lebron_ctrl/lebron_rom_inst/color_data_reg[11]_i_3__4, with 2 or more inputs, drives asynchronous preset/clear pin(s) vg/bg/lebron_ctrl/lebron_rom_inst/color_data_reg[10]/PRE,
vg/bg/lebron_ctrl/lebron_rom_inst/color_data_reg[11]/PRE,
vg/bg/lebron_ctrl/lebron_rom_inst/color_data_reg[2]/PRE,
vg/bg/lebron_ctrl/lebron_rom_inst/color_data_reg[3]/PRE,
vg/bg/lebron_ctrl/lebron_rom_inst/color_data_reg[6]/PRE
vg/bg/lebron_ctrl/lebron_rom_inst/color_data_reg[7]/PRE. The LUT may glitch and trigger an unexpected reset, even if it is a properly timed path.
Related violations: <none>

LUTAR-1#16 Warning
LUT drives async reset alert  
LUT cell vg/bg/lebron_ctrl/lebron_rom_inst/color_data_reg[1]_i_3__3, with 2 or more inputs, drives asynchronous preset/clear pin(s) vg/bg/lebron_ctrl/lebron_rom_inst/color_data_reg[1]/PRE. The LUT may glitch and trigger an unexpected reset, even if it is a properly timed path.
Related violations: <none>

LUTAR-1#17 Warning
LUT drives async reset alert  
LUT cell vg/bg/lebron_ctrl/lebron_rom_inst/color_data_reg[5]_i_2__3, with 2 or more inputs, drives asynchronous preset/clear pin(s) vg/bg/lebron_ctrl/lebron_rom_inst/color_data_reg[0]/CLR
vg/bg/lebron_ctrl/lebron_rom_inst/color_data_reg[5]/PRE. The LUT may glitch and trigger an unexpected reset, even if it is a properly timed path.
Related violations: <none>

LUTAR-1#18 Warning
LUT drives async reset alert  
LUT cell vg/bg/lebron_ctrl/lebron_rom_inst/color_data_reg[9]_i_2__4, with 2 or more inputs, drives asynchronous preset/clear pin(s) vg/bg/lebron_ctrl/lebron_rom_inst/color_data_reg[4]/CLR,
vg/bg/lebron_ctrl/lebron_rom_inst/color_data_reg[8]/PRE
vg/bg/lebron_ctrl/lebron_rom_inst/color_data_reg[9]/PRE. The LUT may glitch and trigger an unexpected reset, even if it is a properly timed path.
Related violations: <none>

LUTAR-1#19 Warning
LUT drives async reset alert  
LUT cell vg/bg/mc/steve_rom_inst/color_data_reg[11]_i_3, with 2 or more inputs, drives asynchronous preset/clear pin(s) vg/bg/mc/steve_rom_inst/color_data_reg[0]/PRE,
vg/bg/mc/steve_rom_inst/color_data_reg[10]/PRE,
vg/bg/mc/steve_rom_inst/color_data_reg[11]/CLR,
vg/bg/mc/steve_rom_inst/color_data_reg[1]/PRE,
vg/bg/mc/steve_rom_inst/color_data_reg[2]/CLR,
vg/bg/mc/steve_rom_inst/color_data_reg[8]/PRE
vg/bg/mc/steve_rom_inst/color_data_reg[9]/PRE. The LUT may glitch and trigger an unexpected reset, even if it is a properly timed path.
Related violations: <none>

LUTAR-1#20 Warning
LUT drives async reset alert  
LUT cell vg/bg/mc/steve_rom_inst/color_data_reg[3]_i_3, with 2 or more inputs, drives asynchronous preset/clear pin(s) vg/bg/mc/steve_rom_inst/color_data_reg[3]/CLR. The LUT may glitch and trigger an unexpected reset, even if it is a properly timed path.
Related violations: <none>

LUTAR-1#21 Warning
LUT drives async reset alert  
LUT cell vg/bg/mc/steve_rom_inst/color_data_reg[4]_i_3, with 2 or more inputs, drives asynchronous preset/clear pin(s) vg/bg/mc/steve_rom_inst/color_data_reg[4]/PRE. The LUT may glitch and trigger an unexpected reset, even if it is a properly timed path.
Related violations: <none>

LUTAR-1#22 Warning
LUT drives async reset alert  
LUT cell vg/bg/mc/steve_rom_inst/color_data_reg[6]_i_3, with 2 or more inputs, drives asynchronous preset/clear pin(s) vg/bg/mc/steve_rom_inst/color_data_reg[5]/CLR
vg/bg/mc/steve_rom_inst/color_data_reg[6]/PRE. The LUT may glitch and trigger an unexpected reset, even if it is a properly timed path.
Related violations: <none>

LUTAR-1#23 Warning
LUT drives async reset alert  
LUT cell vg/bg/mc/steve_rom_inst/color_data_reg[7]_i_3, with 2 or more inputs, drives asynchronous preset/clear pin(s) vg/bg/mc/steve_rom_inst/color_data_reg[7]/CLR. The LUT may glitch and trigger an unexpected reset, even if it is a properly timed path.
Related violations: <none>

LUTAR-1#24 Warning
LUT drives async reset alert  
LUT cell vg/bg/roblox_ctrl/roblox_rom_inst/color_data_reg[0]_i_2__2, with 2 or more inputs, drives asynchronous preset/clear pin(s) vg/bg/roblox_ctrl/roblox_rom_inst/color_data_reg[0]/PRE. The LUT may glitch and trigger an unexpected reset, even if it is a properly timed path.
Related violations: <none>

LUTAR-1#25 Warning
LUT drives async reset alert  
LUT cell vg/bg/roblox_ctrl/roblox_rom_inst/color_data_reg[10]_i_3__3, with 2 or more inputs, drives asynchronous preset/clear pin(s) vg/bg/roblox_ctrl/roblox_rom_inst/color_data_reg[10]/PRE
vg/bg/roblox_ctrl/roblox_rom_inst/color_data_reg[6]/PRE. The LUT may glitch and trigger an unexpected reset, even if it is a properly timed path.
Related violations: <none>

LUTAR-1#26 Warning
LUT drives async reset alert  
LUT cell vg/bg/roblox_ctrl/roblox_rom_inst/color_data_reg[11]_i_3__3, with 2 or more inputs, drives asynchronous preset/clear pin(s) vg/bg/roblox_ctrl/roblox_rom_inst/color_data_reg[11]/PRE
vg/bg/roblox_ctrl/roblox_rom_inst/color_data_reg[7]/PRE. The LUT may glitch and trigger an unexpected reset, even if it is a properly timed path.
Related violations: <none>

LUTAR-1#27 Warning
LUT drives async reset alert  
LUT cell vg/bg/roblox_ctrl/roblox_rom_inst/color_data_reg[1]_i_2__2, with 2 or more inputs, drives asynchronous preset/clear pin(s) vg/bg/roblox_ctrl/roblox_rom_inst/color_data_reg[1]/PRE. The LUT may glitch and trigger an unexpected reset, even if it is a properly timed path.
Related violations: <none>

LUTAR-1#28 Warning
LUT drives async reset alert  
LUT cell vg/bg/roblox_ctrl/roblox_rom_inst/color_data_reg[2]_i_3__2, with 2 or more inputs, drives asynchronous preset/clear pin(s) vg/bg/roblox_ctrl/roblox_rom_inst/color_data_reg[2]/PRE. The LUT may glitch and trigger an unexpected reset, even if it is a properly timed path.
Related violations: <none>

LUTAR-1#29 Warning
LUT drives async reset alert  
LUT cell vg/bg/roblox_ctrl/roblox_rom_inst/color_data_reg[4]_i_3__2, with 2 or more inputs, drives asynchronous preset/clear pin(s) vg/bg/roblox_ctrl/roblox_rom_inst/color_data_reg[4]/PRE. The LUT may glitch and trigger an unexpected reset, even if it is a properly timed path.
Related violations: <none>

LUTAR-1#30 Warning
LUT drives async reset alert  
LUT cell vg/bg/roblox_ctrl/roblox_rom_inst/color_data_reg[8]_i_2__3, with 2 or more inputs, drives asynchronous preset/clear pin(s) vg/bg/roblox_ctrl/roblox_rom_inst/color_data_reg[3]/PRE
vg/bg/roblox_ctrl/roblox_rom_inst/color_data_reg[8]/PRE. The LUT may glitch and trigger an unexpected reset, even if it is a properly timed path.
Related violations: <none>

LUTAR-1#31 Warning
LUT drives async reset alert  
LUT cell vg/bg/roblox_ctrl/roblox_rom_inst/color_data_reg[9]_i_2__3, with 2 or more inputs, drives asynchronous preset/clear pin(s) vg/bg/roblox_ctrl/roblox_rom_inst/color_data_reg[5]/PRE
vg/bg/roblox_ctrl/roblox_rom_inst/color_data_reg[9]/PRE. The LUT may glitch and trigger an unexpected reset, even if it is a properly timed path.
Related violations: <none>

LUTAR-1#32 Warning
LUT drives async reset alert  
LUT cell vg/q3/rom_i/color_data_reg[10]_i_3__0, with 2 or more inputs, drives asynchronous preset/clear pin(s) vg/bg/italian_ctrl/italian_rom_inst/color_data_reg[10]/PRE. The LUT may glitch and trigger an unexpected reset, even if it is a properly timed path.
Related violations: <none>

LUTAR-1#33 Warning
LUT drives async reset alert  
LUT cell vg/q3/rom_i/color_data_reg[10]_i_3__1, with 2 or more inputs, drives asynchronous preset/clear pin(s) vg/bg/folt_ctrl/folt_rom_inst/color_data_reg[10]/PRE
vg/bg/folt_ctrl/folt_rom_inst/color_data_reg[3]/PRE. The LUT may glitch and trigger an unexpected reset, even if it is a properly timed path.
Related violations: <none>

LUTAR-1#34 Warning
LUT drives async reset alert  
LUT cell vg/q3/rom_i/color_data_reg[11]_i_3__0, with 2 or more inputs, drives asynchronous preset/clear pin(s) vg/bg/italian_ctrl/italian_rom_inst/color_data_reg[11]/PRE. The LUT may glitch and trigger an unexpected reset, even if it is a properly timed path.
Related violations: <none>

LUTAR-1#35 Warning
LUT drives async reset alert  
LUT cell vg/q3/rom_i/color_data_reg[11]_i_3__1, with 2 or more inputs, drives asynchronous preset/clear pin(s) vg/bg/folt_ctrl/folt_rom_inst/color_data_reg[11]/PRE. The LUT may glitch and trigger an unexpected reset, even if it is a properly timed path.
Related violations: <none>

LUTAR-1#36 Warning
LUT drives async reset alert  
LUT cell vg/q3/rom_i/color_data_reg[4]_i_3__1, with 2 or more inputs, drives asynchronous preset/clear pin(s) vg/bg/folt_ctrl/folt_rom_inst/color_data_reg[4]/PRE. The LUT may glitch and trigger an unexpected reset, even if it is a properly timed path.
Related violations: <none>

LUTAR-1#37 Warning
LUT drives async reset alert  
LUT cell vg/q3/rom_i/color_data_reg[6]_i_3__0, with 2 or more inputs, drives asynchronous preset/clear pin(s) vg/bg/italian_ctrl/italian_rom_inst/color_data_reg[2]/PRE,
vg/bg/italian_ctrl/italian_rom_inst/color_data_reg[3]/CLR
vg/bg/italian_ctrl/italian_rom_inst/color_data_reg[6]/CLR. The LUT may glitch and trigger an unexpected reset, even if it is a properly timed path.
Related violations: <none>

LUTAR-1#38 Warning
LUT drives async reset alert  
LUT cell vg/q3/rom_i/color_data_reg[7]_i_3__0, with 2 or more inputs, drives asynchronous preset/clear pin(s) vg/bg/italian_ctrl/italian_rom_inst/color_data_reg[7]/CLR. The LUT may glitch and trigger an unexpected reset, even if it is a properly timed path.
Related violations: <none>

LUTAR-1#39 Warning
LUT drives async reset alert  
LUT cell vg/q3/rom_i/color_data_reg[7]_i_3__1, with 2 or more inputs, drives asynchronous preset/clear pin(s) vg/bg/folt_ctrl/folt_rom_inst/color_data_reg[7]/PRE. The LUT may glitch and trigger an unexpected reset, even if it is a properly timed path.
Related violations: <none>

LUTAR-1#40 Warning
LUT drives async reset alert  
LUT cell vg/q3/rom_i/color_data_reg[8]_i_3__0, with 2 or more inputs, drives asynchronous preset/clear pin(s) vg/bg/italian_ctrl/italian_rom_inst/color_data_reg[8]/CLR. The LUT may glitch and trigger an unexpected reset, even if it is a properly timed path.
Related violations: <none>

LUTAR-1#41 Warning
LUT drives async reset alert  
LUT cell vg/q3/rom_i/color_data_reg[8]_i_3__1, with 2 or more inputs, drives asynchronous preset/clear pin(s) vg/bg/folt_ctrl/folt_rom_inst/color_data_reg[0]/PRE
vg/bg/folt_ctrl/folt_rom_inst/color_data_reg[8]/CLR. The LUT may glitch and trigger an unexpected reset, even if it is a properly timed path.
Related violations: <none>

LUTAR-1#42 Warning
LUT drives async reset alert  
LUT cell vg/q3/rom_i/color_data_reg[9]_i_3__0, with 2 or more inputs, drives asynchronous preset/clear pin(s) vg/bg/italian_ctrl/italian_rom_inst/color_data_reg[9]/PRE. The LUT may glitch and trigger an unexpected reset, even if it is a properly timed path.
Related violations: <none>

LUTAR-1#43 Warning
LUT drives async reset alert  
LUT cell vg/q3/rom_i/color_data_reg[9]_i_3__1, with 2 or more inputs, drives asynchronous preset/clear pin(s) vg/bg/folt_ctrl/folt_rom_inst/color_data_reg[1]/CLR,
vg/bg/folt_ctrl/folt_rom_inst/color_data_reg[2]/PRE,
vg/bg/folt_ctrl/folt_rom_inst/color_data_reg[5]/CLR,
vg/bg/folt_ctrl/folt_rom_inst/color_data_reg[6]/PRE
vg/bg/folt_ctrl/folt_rom_inst/color_data_reg[9]/PRE. The LUT may glitch and trigger an unexpected reset, even if it is a properly timed path.
Related violations: <none>

TIMING-18#1 Warning
Missing input or output delay  
An input delay is missing on BtnC relative to the rising and/or falling clock edge(s) of ClkPort.
Related violations: <none>

TIMING-18#2 Warning
Missing input or output delay  
An input delay is missing on BtnD relative to the rising and/or falling clock edge(s) of ClkPort.
Related violations: <none>

TIMING-18#3 Warning
Missing input or output delay  
An input delay is missing on BtnL relative to the rising and/or falling clock edge(s) of ClkPort.
Related violations: <none>

TIMING-18#4 Warning
Missing input or output delay  
An input delay is missing on BtnR relative to the rising and/or falling clock edge(s) of ClkPort.
Related violations: <none>

TIMING-18#5 Warning
Missing input or output delay  
An input delay is missing on BtnU relative to the rising and/or falling clock edge(s) of ClkPort.
Related violations: <none>

TIMING-18#6 Warning
Missing input or output delay  
An input delay is missing on Move relative to the rising and/or falling clock edge(s) of ClkPort.
Related violations: <none>

TIMING-18#7 Warning
Missing input or output delay  
An input delay is missing on Reset relative to the rising and/or falling clock edge(s) of ClkPort.
Related violations: <none>

TIMING-18#8 Warning
Missing input or output delay  
An input delay is missing on Sw0 relative to the rising and/or falling clock edge(s) of ClkPort.
Related violations: <none>

TIMING-18#9 Warning
Missing input or output delay  
An input delay is missing on Sw1 relative to the rising and/or falling clock edge(s) of ClkPort.
Related violations: <none>

TIMING-18#10 Warning
Missing input or output delay  
An input delay is missing on Sw2 relative to the rising and/or falling clock edge(s) of ClkPort.
Related violations: <none>

TIMING-18#11 Warning
Missing input or output delay  
An input delay is missing on Sw3 relative to the rising and/or falling clock edge(s) of ClkPort.
Related violations: <none>

TIMING-18#12 Warning
Missing input or output delay  
An input delay is missing on Sw4 relative to the rising and/or falling clock edge(s) of ClkPort.
Related violations: <none>

TIMING-18#13 Warning
Missing input or output delay  
An input delay is missing on Sw5 relative to the rising and/or falling clock edge(s) of ClkPort.
Related violations: <none>

TIMING-18#14 Warning
Missing input or output delay  
An input delay is missing on Sw6 relative to the rising and/or falling clock edge(s) of ClkPort.
Related violations: <none>

TIMING-18#15 Warning
Missing input or output delay  
An input delay is missing on Sw7 relative to the rising and/or falling clock edge(s) of ClkPort.
Related violations: <none>

TIMING-18#16 Warning
Missing input or output delay  
An output delay is missing on An0 relative to the rising and/or falling clock edge(s) of ClkPort.
Related violations: <none>

TIMING-18#17 Warning
Missing input or output delay  
An output delay is missing on An1 relative to the rising and/or falling clock edge(s) of ClkPort.
Related violations: <none>

TIMING-18#18 Warning
Missing input or output delay  
An output delay is missing on An2 relative to the rising and/or falling clock edge(s) of ClkPort.
Related violations: <none>

TIMING-18#19 Warning
Missing input or output delay  
An output delay is missing on An3 relative to the rising and/or falling clock edge(s) of ClkPort.
Related violations: <none>

TIMING-18#20 Warning
Missing input or output delay  
An output delay is missing on An4 relative to the rising and/or falling clock edge(s) of ClkPort.
Related violations: <none>

TIMING-18#21 Warning
Missing input or output delay  
An output delay is missing on An5 relative to the rising and/or falling clock edge(s) of ClkPort.
Related violations: <none>

TIMING-18#22 Warning
Missing input or output delay  
An output delay is missing on An6 relative to the rising and/or falling clock edge(s) of ClkPort.
Related violations: <none>

TIMING-18#23 Warning
Missing input or output delay  
An output delay is missing on An7 relative to the rising and/or falling clock edge(s) of ClkPort.
Related violations: <none>

TIMING-18#24 Warning
Missing input or output delay  
An output delay is missing on Ca relative to the rising and/or falling clock edge(s) of ClkPort.
Related violations: <none>

TIMING-18#25 Warning
Missing input or output delay  
An output delay is missing on Cb relative to the rising and/or falling clock edge(s) of ClkPort.
Related violations: <none>

TIMING-18#26 Warning
Missing input or output delay  
An output delay is missing on Cc relative to the rising and/or falling clock edge(s) of ClkPort.
Related violations: <none>

TIMING-18#27 Warning
Missing input or output delay  
An output delay is missing on Cd relative to the rising and/or falling clock edge(s) of ClkPort.
Related violations: <none>

TIMING-18#28 Warning
Missing input or output delay  
An output delay is missing on Ce relative to the rising and/or falling clock edge(s) of ClkPort.
Related violations: <none>

TIMING-18#29 Warning
Missing input or output delay  
An output delay is missing on Cf relative to the rising and/or falling clock edge(s) of ClkPort.
Related violations: <none>

TIMING-18#30 Warning
Missing input or output delay  
An output delay is missing on Cg relative to the rising and/or falling clock edge(s) of ClkPort.
Related violations: <none>

TIMING-18#31 Warning
Missing input or output delay  
An output delay is missing on Dp relative to the rising and/or falling clock edge(s) of ClkPort.
Related violations: <none>

TIMING-18#32 Warning
Missing input or output delay  
An output delay is missing on Ld0 relative to the rising and/or falling clock edge(s) of ClkPort.
Related violations: <none>

TIMING-18#33 Warning
Missing input or output delay  
An output delay is missing on Ld1 relative to the rising and/or falling clock edge(s) of ClkPort.
Related violations: <none>

TIMING-18#34 Warning
Missing input or output delay  
An output delay is missing on Ld14 relative to the rising and/or falling clock edge(s) of ClkPort.
Related violations: <none>

TIMING-18#35 Warning
Missing input or output delay  
An output delay is missing on Ld2 relative to the rising and/or falling clock edge(s) of ClkPort.
Related violations: <none>

TIMING-18#36 Warning
Missing input or output delay  
An output delay is missing on Ld3 relative to the rising and/or falling clock edge(s) of ClkPort.
Related violations: <none>

TIMING-18#37 Warning
Missing input or output delay  
An output delay is missing on Ld4 relative to the rising and/or falling clock edge(s) of ClkPort.
Related violations: <none>

TIMING-18#38 Warning
Missing input or output delay  
An output delay is missing on Ld5 relative to the rising and/or falling clock edge(s) of ClkPort.
Related violations: <none>

TIMING-18#39 Warning
Missing input or output delay  
An output delay is missing on Ld6 relative to the rising and/or falling clock edge(s) of ClkPort.
Related violations: <none>

TIMING-18#40 Warning
Missing input or output delay  
An output delay is missing on Ld7 relative to the rising and/or falling clock edge(s) of ClkPort.
Related violations: <none>

TIMING-18#41 Warning
Missing input or output delay  
An output delay is missing on vgaB[0] relative to the rising and/or falling clock edge(s) of ClkPort.
Related violations: <none>

TIMING-18#42 Warning
Missing input or output delay  
An output delay is missing on vgaB[1] relative to the rising and/or falling clock edge(s) of ClkPort.
Related violations: <none>

TIMING-18#43 Warning
Missing input or output delay  
An output delay is missing on vgaB[2] relative to the rising and/or falling clock edge(s) of ClkPort.
Related violations: <none>

TIMING-18#44 Warning
Missing input or output delay  
An output delay is missing on vgaB[3] relative to the rising and/or falling clock edge(s) of ClkPort.
Related violations: <none>

TIMING-18#45 Warning
Missing input or output delay  
An output delay is missing on vgaG[0] relative to the rising and/or falling clock edge(s) of ClkPort.
Related violations: <none>

TIMING-18#46 Warning
Missing input or output delay  
An output delay is missing on vgaG[1] relative to the rising and/or falling clock edge(s) of ClkPort.
Related violations: <none>

TIMING-18#47 Warning
Missing input or output delay  
An output delay is missing on vgaG[2] relative to the rising and/or falling clock edge(s) of ClkPort.
Related violations: <none>

TIMING-18#48 Warning
Missing input or output delay  
An output delay is missing on vgaG[3] relative to the rising and/or falling clock edge(s) of ClkPort.
Related violations: <none>

TIMING-18#49 Warning
Missing input or output delay  
An output delay is missing on vgaR[0] relative to the rising and/or falling clock edge(s) of ClkPort.
Related violations: <none>

TIMING-18#50 Warning
Missing input or output delay  
An output delay is missing on vgaR[1] relative to the rising and/or falling clock edge(s) of ClkPort.
Related violations: <none>

TIMING-18#51 Warning
Missing input or output delay  
An output delay is missing on vgaR[2] relative to the rising and/or falling clock edge(s) of ClkPort.
Related violations: <none>

TIMING-18#52 Warning
Missing input or output delay  
An output delay is missing on vgaR[3] relative to the rising and/or falling clock edge(s) of ClkPort.
Related violations: <none>

TIMING-20#1 Warning
Non-clocked latch  
The latch vg/bg/folt_ctrl/folt_rom_inst/color_data_reg[0] cannot be properly analyzed as its control pin vg/bg/folt_ctrl/folt_rom_inst/color_data_reg[0]/G is not reached by a timing clock
Related violations: <none>

TIMING-20#2 Warning
Non-clocked latch  
The latch vg/bg/folt_ctrl/folt_rom_inst/color_data_reg[10] cannot be properly analyzed as its control pin vg/bg/folt_ctrl/folt_rom_inst/color_data_reg[10]/G is not reached by a timing clock
Related violations: <none>

TIMING-20#3 Warning
Non-clocked latch  
The latch vg/bg/folt_ctrl/folt_rom_inst/color_data_reg[11] cannot be properly analyzed as its control pin vg/bg/folt_ctrl/folt_rom_inst/color_data_reg[11]/G is not reached by a timing clock
Related violations: <none>

TIMING-20#4 Warning
Non-clocked latch  
The latch vg/bg/folt_ctrl/folt_rom_inst/color_data_reg[1] cannot be properly analyzed as its control pin vg/bg/folt_ctrl/folt_rom_inst/color_data_reg[1]/G is not reached by a timing clock
Related violations: <none>

TIMING-20#5 Warning
Non-clocked latch  
The latch vg/bg/folt_ctrl/folt_rom_inst/color_data_reg[2] cannot be properly analyzed as its control pin vg/bg/folt_ctrl/folt_rom_inst/color_data_reg[2]/G is not reached by a timing clock
Related violations: <none>

TIMING-20#6 Warning
Non-clocked latch  
The latch vg/bg/folt_ctrl/folt_rom_inst/color_data_reg[3] cannot be properly analyzed as its control pin vg/bg/folt_ctrl/folt_rom_inst/color_data_reg[3]/G is not reached by a timing clock
Related violations: <none>

TIMING-20#7 Warning
Non-clocked latch  
The latch vg/bg/folt_ctrl/folt_rom_inst/color_data_reg[4] cannot be properly analyzed as its control pin vg/bg/folt_ctrl/folt_rom_inst/color_data_reg[4]/G is not reached by a timing clock
Related violations: <none>

TIMING-20#8 Warning
Non-clocked latch  
The latch vg/bg/folt_ctrl/folt_rom_inst/color_data_reg[5] cannot be properly analyzed as its control pin vg/bg/folt_ctrl/folt_rom_inst/color_data_reg[5]/G is not reached by a timing clock
Related violations: <none>

TIMING-20#9 Warning
Non-clocked latch  
The latch vg/bg/folt_ctrl/folt_rom_inst/color_data_reg[6] cannot be properly analyzed as its control pin vg/bg/folt_ctrl/folt_rom_inst/color_data_reg[6]/G is not reached by a timing clock
Related violations: <none>

TIMING-20#10 Warning
Non-clocked latch  
The latch vg/bg/folt_ctrl/folt_rom_inst/color_data_reg[7] cannot be properly analyzed as its control pin vg/bg/folt_ctrl/folt_rom_inst/color_data_reg[7]/G is not reached by a timing clock
Related violations: <none>

TIMING-20#11 Warning
Non-clocked latch  
The latch vg/bg/folt_ctrl/folt_rom_inst/color_data_reg[8] cannot be properly analyzed as its control pin vg/bg/folt_ctrl/folt_rom_inst/color_data_reg[8]/G is not reached by a timing clock
Related violations: <none>

TIMING-20#12 Warning
Non-clocked latch  
The latch vg/bg/folt_ctrl/folt_rom_inst/color_data_reg[9] cannot be properly analyzed as its control pin vg/bg/folt_ctrl/folt_rom_inst/color_data_reg[9]/G is not reached by a timing clock
Related violations: <none>

TIMING-20#13 Warning
Non-clocked latch  
The latch vg/bg/gandhi_ctrl/gandhi_down_rom_inst/color_data_reg[0] cannot be properly analyzed as its control pin vg/bg/gandhi_ctrl/gandhi_down_rom_inst/color_data_reg[0]/G is not reached by a timing clock
Related violations: <none>

TIMING-20#14 Warning
Non-clocked latch  
The latch vg/bg/gandhi_ctrl/gandhi_down_rom_inst/color_data_reg[10] cannot be properly analyzed as its control pin vg/bg/gandhi_ctrl/gandhi_down_rom_inst/color_data_reg[10]/G is not reached by a timing clock
Related violations: <none>

TIMING-20#15 Warning
Non-clocked latch  
The latch vg/bg/gandhi_ctrl/gandhi_down_rom_inst/color_data_reg[11] cannot be properly analyzed as its control pin vg/bg/gandhi_ctrl/gandhi_down_rom_inst/color_data_reg[11]/G is not reached by a timing clock
Related violations: <none>

TIMING-20#16 Warning
Non-clocked latch  
The latch vg/bg/gandhi_ctrl/gandhi_down_rom_inst/color_data_reg[1] cannot be properly analyzed as its control pin vg/bg/gandhi_ctrl/gandhi_down_rom_inst/color_data_reg[1]/G is not reached by a timing clock
Related violations: <none>

TIMING-20#17 Warning
Non-clocked latch  
The latch vg/bg/gandhi_ctrl/gandhi_down_rom_inst/color_data_reg[2] cannot be properly analyzed as its control pin vg/bg/gandhi_ctrl/gandhi_down_rom_inst/color_data_reg[2]/G is not reached by a timing clock
Related violations: <none>

TIMING-20#18 Warning
Non-clocked latch  
The latch vg/bg/gandhi_ctrl/gandhi_down_rom_inst/color_data_reg[3] cannot be properly analyzed as its control pin vg/bg/gandhi_ctrl/gandhi_down_rom_inst/color_data_reg[3]/G is not reached by a timing clock
Related violations: <none>

TIMING-20#19 Warning
Non-clocked latch  
The latch vg/bg/gandhi_ctrl/gandhi_down_rom_inst/color_data_reg[4] cannot be properly analyzed as its control pin vg/bg/gandhi_ctrl/gandhi_down_rom_inst/color_data_reg[4]/G is not reached by a timing clock
Related violations: <none>

TIMING-20#20 Warning
Non-clocked latch  
The latch vg/bg/gandhi_ctrl/gandhi_down_rom_inst/color_data_reg[5] cannot be properly analyzed as its control pin vg/bg/gandhi_ctrl/gandhi_down_rom_inst/color_data_reg[5]/G is not reached by a timing clock
Related violations: <none>

TIMING-20#21 Warning
Non-clocked latch  
The latch vg/bg/gandhi_ctrl/gandhi_down_rom_inst/color_data_reg[6] cannot be properly analyzed as its control pin vg/bg/gandhi_ctrl/gandhi_down_rom_inst/color_data_reg[6]/G is not reached by a timing clock
Related violations: <none>

TIMING-20#22 Warning
Non-clocked latch  
The latch vg/bg/gandhi_ctrl/gandhi_down_rom_inst/color_data_reg[7] cannot be properly analyzed as its control pin vg/bg/gandhi_ctrl/gandhi_down_rom_inst/color_data_reg[7]/G is not reached by a timing clock
Related violations: <none>

TIMING-20#23 Warning
Non-clocked latch  
The latch vg/bg/gandhi_ctrl/gandhi_down_rom_inst/color_data_reg[8] cannot be properly analyzed as its control pin vg/bg/gandhi_ctrl/gandhi_down_rom_inst/color_data_reg[8]/G is not reached by a timing clock
Related violations: <none>

TIMING-20#24 Warning
Non-clocked latch  
The latch vg/bg/gandhi_ctrl/gandhi_down_rom_inst/color_data_reg[9] cannot be properly analyzed as its control pin vg/bg/gandhi_ctrl/gandhi_down_rom_inst/color_data_reg[9]/G is not reached by a timing clock
Related violations: <none>

TIMING-20#25 Warning
Non-clocked latch  
The latch vg/bg/gandhi_ctrl/gandhi_up_rom_inst/color_data_reg[10] cannot be properly analyzed as its control pin vg/bg/gandhi_ctrl/gandhi_up_rom_inst/color_data_reg[10]/G is not reached by a timing clock
Related violations: <none>

TIMING-20#26 Warning
Non-clocked latch  
The latch vg/bg/gandhi_ctrl/gandhi_up_rom_inst/color_data_reg[11] cannot be properly analyzed as its control pin vg/bg/gandhi_ctrl/gandhi_up_rom_inst/color_data_reg[11]/G is not reached by a timing clock
Related violations: <none>

TIMING-20#27 Warning
Non-clocked latch  
The latch vg/bg/gandhi_ctrl/gandhi_up_rom_inst/color_data_reg[8] cannot be properly analyzed as its control pin vg/bg/gandhi_ctrl/gandhi_up_rom_inst/color_data_reg[8]/G is not reached by a timing clock
Related violations: <none>

TIMING-20#28 Warning
Non-clocked latch  
The latch vg/bg/gandhi_ctrl/gandhi_up_rom_inst/color_data_reg[9] cannot be properly analyzed as its control pin vg/bg/gandhi_ctrl/gandhi_up_rom_inst/color_data_reg[9]/G is not reached by a timing clock
Related violations: <none>

TIMING-20#29 Warning
Non-clocked latch  
The latch vg/bg/italian_ctrl/italian_rom_inst/color_data_reg[0] cannot be properly analyzed as its control pin vg/bg/italian_ctrl/italian_rom_inst/color_data_reg[0]/G is not reached by a timing clock
Related violations: <none>

TIMING-20#30 Warning
Non-clocked latch  
The latch vg/bg/italian_ctrl/italian_rom_inst/color_data_reg[10] cannot be properly analyzed as its control pin vg/bg/italian_ctrl/italian_rom_inst/color_data_reg[10]/G is not reached by a timing clock
Related violations: <none>

TIMING-20#31 Warning
Non-clocked latch  
The latch vg/bg/italian_ctrl/italian_rom_inst/color_data_reg[11] cannot be properly analyzed as its control pin vg/bg/italian_ctrl/italian_rom_inst/color_data_reg[11]/G is not reached by a timing clock
Related violations: <none>

TIMING-20#32 Warning
Non-clocked latch  
The latch vg/bg/italian_ctrl/italian_rom_inst/color_data_reg[1] cannot be properly analyzed as its control pin vg/bg/italian_ctrl/italian_rom_inst/color_data_reg[1]/G is not reached by a timing clock
Related violations: <none>

TIMING-20#33 Warning
Non-clocked latch  
The latch vg/bg/italian_ctrl/italian_rom_inst/color_data_reg[2] cannot be properly analyzed as its control pin vg/bg/italian_ctrl/italian_rom_inst/color_data_reg[2]/G is not reached by a timing clock
Related violations: <none>

TIMING-20#34 Warning
Non-clocked latch  
The latch vg/bg/italian_ctrl/italian_rom_inst/color_data_reg[3] cannot be properly analyzed as its control pin vg/bg/italian_ctrl/italian_rom_inst/color_data_reg[3]/G is not reached by a timing clock
Related violations: <none>

TIMING-20#35 Warning
Non-clocked latch  
The latch vg/bg/italian_ctrl/italian_rom_inst/color_data_reg[4] cannot be properly analyzed as its control pin vg/bg/italian_ctrl/italian_rom_inst/color_data_reg[4]/G is not reached by a timing clock
Related violations: <none>

TIMING-20#36 Warning
Non-clocked latch  
The latch vg/bg/italian_ctrl/italian_rom_inst/color_data_reg[5] cannot be properly analyzed as its control pin vg/bg/italian_ctrl/italian_rom_inst/color_data_reg[5]/G is not reached by a timing clock
Related violations: <none>

TIMING-20#37 Warning
Non-clocked latch  
The latch vg/bg/italian_ctrl/italian_rom_inst/color_data_reg[6] cannot be properly analyzed as its control pin vg/bg/italian_ctrl/italian_rom_inst/color_data_reg[6]/G is not reached by a timing clock
Related violations: <none>

TIMING-20#38 Warning
Non-clocked latch  
The latch vg/bg/italian_ctrl/italian_rom_inst/color_data_reg[7] cannot be properly analyzed as its control pin vg/bg/italian_ctrl/italian_rom_inst/color_data_reg[7]/G is not reached by a timing clock
Related violations: <none>

TIMING-20#39 Warning
Non-clocked latch  
The latch vg/bg/italian_ctrl/italian_rom_inst/color_data_reg[8] cannot be properly analyzed as its control pin vg/bg/italian_ctrl/italian_rom_inst/color_data_reg[8]/G is not reached by a timing clock
Related violations: <none>

TIMING-20#40 Warning
Non-clocked latch  
The latch vg/bg/italian_ctrl/italian_rom_inst/color_data_reg[9] cannot be properly analyzed as its control pin vg/bg/italian_ctrl/italian_rom_inst/color_data_reg[9]/G is not reached by a timing clock
Related violations: <none>

TIMING-20#41 Warning
Non-clocked latch  
The latch vg/bg/kanye_ctrl/kanye_rom_inst/color_data_reg[0] cannot be properly analyzed as its control pin vg/bg/kanye_ctrl/kanye_rom_inst/color_data_reg[0]/G is not reached by a timing clock
Related violations: <none>

TIMING-20#42 Warning
Non-clocked latch  
The latch vg/bg/kanye_ctrl/kanye_rom_inst/color_data_reg[10] cannot be properly analyzed as its control pin vg/bg/kanye_ctrl/kanye_rom_inst/color_data_reg[10]/G is not reached by a timing clock
Related violations: <none>

TIMING-20#43 Warning
Non-clocked latch  
The latch vg/bg/kanye_ctrl/kanye_rom_inst/color_data_reg[11] cannot be properly analyzed as its control pin vg/bg/kanye_ctrl/kanye_rom_inst/color_data_reg[11]/G is not reached by a timing clock
Related violations: <none>

TIMING-20#44 Warning
Non-clocked latch  
The latch vg/bg/kanye_ctrl/kanye_rom_inst/color_data_reg[1] cannot be properly analyzed as its control pin vg/bg/kanye_ctrl/kanye_rom_inst/color_data_reg[1]/G is not reached by a timing clock
Related violations: <none>

TIMING-20#45 Warning
Non-clocked latch  
The latch vg/bg/kanye_ctrl/kanye_rom_inst/color_data_reg[2] cannot be properly analyzed as its control pin vg/bg/kanye_ctrl/kanye_rom_inst/color_data_reg[2]/G is not reached by a timing clock
Related violations: <none>

TIMING-20#46 Warning
Non-clocked latch  
The latch vg/bg/kanye_ctrl/kanye_rom_inst/color_data_reg[3] cannot be properly analyzed as its control pin vg/bg/kanye_ctrl/kanye_rom_inst/color_data_reg[3]/G is not reached by a timing clock
Related violations: <none>

TIMING-20#47 Warning
Non-clocked latch  
The latch vg/bg/kanye_ctrl/kanye_rom_inst/color_data_reg[4] cannot be properly analyzed as its control pin vg/bg/kanye_ctrl/kanye_rom_inst/color_data_reg[4]/G is not reached by a timing clock
Related violations: <none>

TIMING-20#48 Warning
Non-clocked latch  
The latch vg/bg/kanye_ctrl/kanye_rom_inst/color_data_reg[5] cannot be properly analyzed as its control pin vg/bg/kanye_ctrl/kanye_rom_inst/color_data_reg[5]/G is not reached by a timing clock
Related violations: <none>

TIMING-20#49 Warning
Non-clocked latch  
The latch vg/bg/kanye_ctrl/kanye_rom_inst/color_data_reg[6] cannot be properly analyzed as its control pin vg/bg/kanye_ctrl/kanye_rom_inst/color_data_reg[6]/G is not reached by a timing clock
Related violations: <none>

TIMING-20#50 Warning
Non-clocked latch  
The latch vg/bg/kanye_ctrl/kanye_rom_inst/color_data_reg[7] cannot be properly analyzed as its control pin vg/bg/kanye_ctrl/kanye_rom_inst/color_data_reg[7]/G is not reached by a timing clock
Related violations: <none>

TIMING-20#51 Warning
Non-clocked latch  
The latch vg/bg/kanye_ctrl/kanye_rom_inst/color_data_reg[8] cannot be properly analyzed as its control pin vg/bg/kanye_ctrl/kanye_rom_inst/color_data_reg[8]/G is not reached by a timing clock
Related violations: <none>

TIMING-20#52 Warning
Non-clocked latch  
The latch vg/bg/kanye_ctrl/kanye_rom_inst/color_data_reg[9] cannot be properly analyzed as its control pin vg/bg/kanye_ctrl/kanye_rom_inst/color_data_reg[9]/G is not reached by a timing clock
Related violations: <none>

TIMING-20#53 Warning
Non-clocked latch  
The latch vg/bg/lebron_ctrl/lebron_rom_inst/color_data_reg[0] cannot be properly analyzed as its control pin vg/bg/lebron_ctrl/lebron_rom_inst/color_data_reg[0]/G is not reached by a timing clock
Related violations: <none>

TIMING-20#54 Warning
Non-clocked latch  
The latch vg/bg/lebron_ctrl/lebron_rom_inst/color_data_reg[10] cannot be properly analyzed as its control pin vg/bg/lebron_ctrl/lebron_rom_inst/color_data_reg[10]/G is not reached by a timing clock
Related violations: <none>

TIMING-20#55 Warning
Non-clocked latch  
The latch vg/bg/lebron_ctrl/lebron_rom_inst/color_data_reg[11] cannot be properly analyzed as its control pin vg/bg/lebron_ctrl/lebron_rom_inst/color_data_reg[11]/G is not reached by a timing clock
Related violations: <none>

TIMING-20#56 Warning
Non-clocked latch  
The latch vg/bg/lebron_ctrl/lebron_rom_inst/color_data_reg[1] cannot be properly analyzed as its control pin vg/bg/lebron_ctrl/lebron_rom_inst/color_data_reg[1]/G is not reached by a timing clock
Related violations: <none>

TIMING-20#57 Warning
Non-clocked latch  
The latch vg/bg/lebron_ctrl/lebron_rom_inst/color_data_reg[2] cannot be properly analyzed as its control pin vg/bg/lebron_ctrl/lebron_rom_inst/color_data_reg[2]/G is not reached by a timing clock
Related violations: <none>

TIMING-20#58 Warning
Non-clocked latch  
The latch vg/bg/lebron_ctrl/lebron_rom_inst/color_data_reg[3] cannot be properly analyzed as its control pin vg/bg/lebron_ctrl/lebron_rom_inst/color_data_reg[3]/G is not reached by a timing clock
Related violations: <none>

TIMING-20#59 Warning
Non-clocked latch  
The latch vg/bg/lebron_ctrl/lebron_rom_inst/color_data_reg[4] cannot be properly analyzed as its control pin vg/bg/lebron_ctrl/lebron_rom_inst/color_data_reg[4]/G is not reached by a timing clock
Related violations: <none>

TIMING-20#60 Warning
Non-clocked latch  
The latch vg/bg/lebron_ctrl/lebron_rom_inst/color_data_reg[5] cannot be properly analyzed as its control pin vg/bg/lebron_ctrl/lebron_rom_inst/color_data_reg[5]/G is not reached by a timing clock
Related violations: <none>

TIMING-20#61 Warning
Non-clocked latch  
The latch vg/bg/lebron_ctrl/lebron_rom_inst/color_data_reg[6] cannot be properly analyzed as its control pin vg/bg/lebron_ctrl/lebron_rom_inst/color_data_reg[6]/G is not reached by a timing clock
Related violations: <none>

TIMING-20#62 Warning
Non-clocked latch  
The latch vg/bg/lebron_ctrl/lebron_rom_inst/color_data_reg[7] cannot be properly analyzed as its control pin vg/bg/lebron_ctrl/lebron_rom_inst/color_data_reg[7]/G is not reached by a timing clock
Related violations: <none>

TIMING-20#63 Warning
Non-clocked latch  
The latch vg/bg/lebron_ctrl/lebron_rom_inst/color_data_reg[8] cannot be properly analyzed as its control pin vg/bg/lebron_ctrl/lebron_rom_inst/color_data_reg[8]/G is not reached by a timing clock
Related violations: <none>

TIMING-20#64 Warning
Non-clocked latch  
The latch vg/bg/lebron_ctrl/lebron_rom_inst/color_data_reg[9] cannot be properly analyzed as its control pin vg/bg/lebron_ctrl/lebron_rom_inst/color_data_reg[9]/G is not reached by a timing clock
Related violations: <none>

TIMING-20#65 Warning
Non-clocked latch  
The latch vg/bg/mc/steve_rom_inst/color_data_reg[0] cannot be properly analyzed as its control pin vg/bg/mc/steve_rom_inst/color_data_reg[0]/G is not reached by a timing clock
Related violations: <none>

TIMING-20#66 Warning
Non-clocked latch  
The latch vg/bg/mc/steve_rom_inst/color_data_reg[10] cannot be properly analyzed as its control pin vg/bg/mc/steve_rom_inst/color_data_reg[10]/G is not reached by a timing clock
Related violations: <none>

TIMING-20#67 Warning
Non-clocked latch  
The latch vg/bg/mc/steve_rom_inst/color_data_reg[11] cannot be properly analyzed as its control pin vg/bg/mc/steve_rom_inst/color_data_reg[11]/G is not reached by a timing clock
Related violations: <none>

TIMING-20#68 Warning
Non-clocked latch  
The latch vg/bg/mc/steve_rom_inst/color_data_reg[1] cannot be properly analyzed as its control pin vg/bg/mc/steve_rom_inst/color_data_reg[1]/G is not reached by a timing clock
Related violations: <none>

TIMING-20#69 Warning
Non-clocked latch  
The latch vg/bg/mc/steve_rom_inst/color_data_reg[2] cannot be properly analyzed as its control pin vg/bg/mc/steve_rom_inst/color_data_reg[2]/G is not reached by a timing clock
Related violations: <none>

TIMING-20#70 Warning
Non-clocked latch  
The latch vg/bg/mc/steve_rom_inst/color_data_reg[3] cannot be properly analyzed as its control pin vg/bg/mc/steve_rom_inst/color_data_reg[3]/G is not reached by a timing clock
Related violations: <none>

TIMING-20#71 Warning
Non-clocked latch  
The latch vg/bg/mc/steve_rom_inst/color_data_reg[4] cannot be properly analyzed as its control pin vg/bg/mc/steve_rom_inst/color_data_reg[4]/G is not reached by a timing clock
Related violations: <none>

TIMING-20#72 Warning
Non-clocked latch  
The latch vg/bg/mc/steve_rom_inst/color_data_reg[5] cannot be properly analyzed as its control pin vg/bg/mc/steve_rom_inst/color_data_reg[5]/G is not reached by a timing clock
Related violations: <none>

TIMING-20#73 Warning
Non-clocked latch  
The latch vg/bg/mc/steve_rom_inst/color_data_reg[6] cannot be properly analyzed as its control pin vg/bg/mc/steve_rom_inst/color_data_reg[6]/G is not reached by a timing clock
Related violations: <none>

TIMING-20#74 Warning
Non-clocked latch  
The latch vg/bg/mc/steve_rom_inst/color_data_reg[7] cannot be properly analyzed as its control pin vg/bg/mc/steve_rom_inst/color_data_reg[7]/G is not reached by a timing clock
Related violations: <none>

TIMING-20#75 Warning
Non-clocked latch  
The latch vg/bg/mc/steve_rom_inst/color_data_reg[8] cannot be properly analyzed as its control pin vg/bg/mc/steve_rom_inst/color_data_reg[8]/G is not reached by a timing clock
Related violations: <none>

TIMING-20#76 Warning
Non-clocked latch  
The latch vg/bg/mc/steve_rom_inst/color_data_reg[9] cannot be properly analyzed as its control pin vg/bg/mc/steve_rom_inst/color_data_reg[9]/G is not reached by a timing clock
Related violations: <none>

TIMING-20#77 Warning
Non-clocked latch  
The latch vg/bg/roblox_ctrl/roblox_rom_inst/color_data_reg[0] cannot be properly analyzed as its control pin vg/bg/roblox_ctrl/roblox_rom_inst/color_data_reg[0]/G is not reached by a timing clock
Related violations: <none>

TIMING-20#78 Warning
Non-clocked latch  
The latch vg/bg/roblox_ctrl/roblox_rom_inst/color_data_reg[10] cannot be properly analyzed as its control pin vg/bg/roblox_ctrl/roblox_rom_inst/color_data_reg[10]/G is not reached by a timing clock
Related violations: <none>

TIMING-20#79 Warning
Non-clocked latch  
The latch vg/bg/roblox_ctrl/roblox_rom_inst/color_data_reg[11] cannot be properly analyzed as its control pin vg/bg/roblox_ctrl/roblox_rom_inst/color_data_reg[11]/G is not reached by a timing clock
Related violations: <none>

TIMING-20#80 Warning
Non-clocked latch  
The latch vg/bg/roblox_ctrl/roblox_rom_inst/color_data_reg[1] cannot be properly analyzed as its control pin vg/bg/roblox_ctrl/roblox_rom_inst/color_data_reg[1]/G is not reached by a timing clock
Related violations: <none>

TIMING-20#81 Warning
Non-clocked latch  
The latch vg/bg/roblox_ctrl/roblox_rom_inst/color_data_reg[2] cannot be properly analyzed as its control pin vg/bg/roblox_ctrl/roblox_rom_inst/color_data_reg[2]/G is not reached by a timing clock
Related violations: <none>

TIMING-20#82 Warning
Non-clocked latch  
The latch vg/bg/roblox_ctrl/roblox_rom_inst/color_data_reg[3] cannot be properly analyzed as its control pin vg/bg/roblox_ctrl/roblox_rom_inst/color_data_reg[3]/G is not reached by a timing clock
Related violations: <none>

TIMING-20#83 Warning
Non-clocked latch  
The latch vg/bg/roblox_ctrl/roblox_rom_inst/color_data_reg[4] cannot be properly analyzed as its control pin vg/bg/roblox_ctrl/roblox_rom_inst/color_data_reg[4]/G is not reached by a timing clock
Related violations: <none>

TIMING-20#84 Warning
Non-clocked latch  
The latch vg/bg/roblox_ctrl/roblox_rom_inst/color_data_reg[5] cannot be properly analyzed as its control pin vg/bg/roblox_ctrl/roblox_rom_inst/color_data_reg[5]/G is not reached by a timing clock
Related violations: <none>

TIMING-20#85 Warning
Non-clocked latch  
The latch vg/bg/roblox_ctrl/roblox_rom_inst/color_data_reg[6] cannot be properly analyzed as its control pin vg/bg/roblox_ctrl/roblox_rom_inst/color_data_reg[6]/G is not reached by a timing clock
Related violations: <none>

TIMING-20#86 Warning
Non-clocked latch  
The latch vg/bg/roblox_ctrl/roblox_rom_inst/color_data_reg[7] cannot be properly analyzed as its control pin vg/bg/roblox_ctrl/roblox_rom_inst/color_data_reg[7]/G is not reached by a timing clock
Related violations: <none>

TIMING-20#87 Warning
Non-clocked latch  
The latch vg/bg/roblox_ctrl/roblox_rom_inst/color_data_reg[8] cannot be properly analyzed as its control pin vg/bg/roblox_ctrl/roblox_rom_inst/color_data_reg[8]/G is not reached by a timing clock
Related violations: <none>

TIMING-20#88 Warning
Non-clocked latch  
The latch vg/bg/roblox_ctrl/roblox_rom_inst/color_data_reg[9] cannot be properly analyzed as its control pin vg/bg/roblox_ctrl/roblox_rom_inst/color_data_reg[9]/G is not reached by a timing clock
Related violations: <none>

LATCH-1#1 Advisory
Existing latches in the design  
There are 88 latches found in the design. Inferred latches are often the result of HDL coding mistakes, such as incomplete if or case statements.
Related violations: <none>


